<?xml version="1.0" encoding="UTF-8"?>
<testsuite xmlns:xsi="http://www.w3.org/2001/XMLSchema-instance" xsi:noNamespaceSchemaLocation="https://maven.apache.org/surefire/maven-surefire-plugin/xsd/surefire-test-report.xsd" name="com.cloudacademy.bitcoin.ConverterSvcTest" time="4.167" tests="15" errors="0" skipped="0" failures="0">
  <properties>
    <property name="awt.toolkit" value="sun.awt.X11.XToolkit"/>
    <property name="java.specification.version" value="11"/>
    <property name="sun.cpu.isalist" value=""/>
    <property name="sun.jnu.encoding" value="UTF-8"/>
    <property name="java.class.path" value="/vagrant/bitcoin-converter-svc-lib/target/test-classes:/vagrant/bitcoin-converter-svc-lib/target/classes:/home/vagrant/.m2/repository/org/junit/jupiter/junit-jupiter-engine/5.7.0/junit-jupiter-engine-5.7.0.jar:/home/vagrant/.m2/repository/org/apiguardian/apiguardian-api/1.1.0/apiguardian-api-1.1.0.jar:/home/vagrant/.m2/repository/org/junit/platform/junit-platform-engine/1.7.0/junit-platform-engine-1.7.0.jar:/home/vagrant/.m2/repository/org/opentest4j/opentest4j/1.2.0/opentest4j-1.2.0.jar:/home/vagrant/.m2/repository/org/junit/platform/junit-platform-commons/1.7.0/junit-platform-commons-1.7.0.jar:/home/vagrant/.m2/repository/org/junit/jupiter/junit-jupiter-api/5.7.0/junit-jupiter-api-5.7.0.jar:/home/vagrant/.m2/repository/org/junit/platform/junit-platform-runner/1.7.0/junit-platform-runner-1.7.0.jar:/home/vagrant/.m2/repository/junit/junit/4.13/junit-4.13.jar:/home/vagrant/.m2/repository/org/hamcrest/hamcrest-core/1.3/hamcrest-core-1.3.jar:/home/vagrant/.m2/repository/org/junit/platform/junit-platform-launcher/1.7.0/junit-platform-launcher-1.7.0.jar:/home/vagrant/.m2/repository/org/junit/platform/junit-platform-suite-api/1.7.0/junit-platform-suite-api-1.7.0.jar:/home/vagrant/.m2/repository/org/apache/httpcomponents/httpclient/4.5.13/httpclient-4.5.13.jar:/home/vagrant/.m2/repository/org/apache/httpcomponents/httpcore/4.4.13/httpcore-4.4.13.jar:/home/vagrant/.m2/repository/commons-logging/commons-logging/1.2/commons-logging-1.2.jar:/home/vagrant/.m2/repository/commons-codec/commons-codec/1.11/commons-codec-1.11.jar:/home/vagrant/.m2/repository/com/google/code/gson/gson/2.8.6/gson-2.8.6.jar:/home/vagrant/.m2/repository/org/mockito/mockito-core/3.11.0/mockito-core-3.11.0.jar:/home/vagrant/.m2/repository/net/bytebuddy/byte-buddy/1.11.1/byte-buddy-1.11.1.jar:/home/vagrant/.m2/repository/net/bytebuddy/byte-buddy-agent/1.11.1/byte-buddy-agent-1.11.1.jar:/home/vagrant/.m2/repository/org/objenesis/objenesis/3.2/objenesis-3.2.jar:"/>
    <property name="java.vm.vendor" value="Ubuntu"/>
    <property name="sun.arch.data.model" value="64"/>
    <property name="java.vendor.url" value="https://ubuntu.com/"/>
    <property name="user.timezone" value=""/>
    <property name="java.vm.specification.version" value="11"/>
    <property name="os.name" value="Linux"/>
    <property name="sun.java.launcher" value="SUN_STANDARD"/>
    <property name="sun.boot.library.path" value="/usr/lib/jvm/java-11-openjdk-amd64/lib"/>
    <property name="sun.java.command" value="/vagrant/bitcoin-converter-svc-lib/target/surefire/surefirebooter13668483488032664157.jar /vagrant/bitcoin-converter-svc-lib/target/surefire 2021-06-06T13-29-37_743-jvmRun1 surefire9394163281448607792tmp surefire_013346304835032912898tmp"/>
    <property name="jdk.debug" value="release"/>
    <property name="surefire.test.class.path" value="/vagrant/bitcoin-converter-svc-lib/target/test-classes:/vagrant/bitcoin-converter-svc-lib/target/classes:/home/vagrant/.m2/repository/org/junit/jupiter/junit-jupiter-engine/5.7.0/junit-jupiter-engine-5.7.0.jar:/home/vagrant/.m2/repository/org/apiguardian/apiguardian-api/1.1.0/apiguardian-api-1.1.0.jar:/home/vagrant/.m2/repository/org/junit/platform/junit-platform-engine/1.7.0/junit-platform-engine-1.7.0.jar:/home/vagrant/.m2/repository/org/opentest4j/opentest4j/1.2.0/opentest4j-1.2.0.jar:/home/vagrant/.m2/repository/org/junit/platform/junit-platform-commons/1.7.0/junit-platform-commons-1.7.0.jar:/home/vagrant/.m2/repository/org/junit/jupiter/junit-jupiter-api/5.7.0/junit-jupiter-api-5.7.0.jar:/home/vagrant/.m2/repository/org/junit/platform/junit-platform-runner/1.7.0/junit-platform-runner-1.7.0.jar:/home/vagrant/.m2/repository/junit/junit/4.13/junit-4.13.jar:/home/vagrant/.m2/repository/org/hamcrest/hamcrest-core/1.3/hamcrest-core-1.3.jar:/home/vagrant/.m2/repository/org/junit/platform/junit-platform-launcher/1.7.0/junit-platform-launcher-1.7.0.jar:/home/vagrant/.m2/repository/org/junit/platform/junit-platform-suite-api/1.7.0/junit-platform-suite-api-1.7.0.jar:/home/vagrant/.m2/repository/org/apache/httpcomponents/httpclient/4.5.13/httpclient-4.5.13.jar:/home/vagrant/.m2/repository/org/apache/httpcomponents/httpcore/4.4.13/httpcore-4.4.13.jar:/home/vagrant/.m2/repository/commons-logging/commons-logging/1.2/commons-logging-1.2.jar:/home/vagrant/.m2/repository/commons-codec/commons-codec/1.11/commons-codec-1.11.jar:/home/vagrant/.m2/repository/com/google/code/gson/gson/2.8.6/gson-2.8.6.jar:/home/vagrant/.m2/repository/org/mockito/mockito-core/3.11.0/mockito-core-3.11.0.jar:/home/vagrant/.m2/repository/net/bytebuddy/byte-buddy/1.11.1/byte-buddy-1.11.1.jar:/home/vagrant/.m2/repository/net/bytebuddy/byte-buddy-agent/1.11.1/byte-buddy-agent-1.11.1.jar:/home/vagrant/.m2/repository/org/objenesis/objenesis/3.2/objenesis-3.2.jar:"/>
    <property name="sun.cpu.endian" value="little"/>
    <property name="user.home" value="/home/vagrant"/>
    <property name="user.language" value="en"/>
    <property name="java.specification.vendor" value="Oracle Corporation"/>
    <property name="java.version.date" value="2021-04-20"/>
    <property name="java.home" value="/usr/lib/jvm/java-11-openjdk-amd64"/>
    <property name="file.separator" value="/"/>
    <property name="basedir" value="/vagrant/bitcoin-converter-svc-lib"/>
    <property name="java.vm.compressedOopsMode" value="32-bit"/>
    <property name="line.separator" value="&#10;"/>
    <property name="java.specification.name" value="Java Platform API Specification"/>
    <property name="java.vm.specification.vendor" value="Oracle Corporation"/>
    <property name="java.awt.graphicsenv" value="sun.awt.X11GraphicsEnvironment"/>
    <property name="surefire.real.class.path" value="/vagrant/bitcoin-converter-svc-lib/target/surefire/surefirebooter13668483488032664157.jar"/>
    <property name="sun.management.compiler" value="HotSpot 64-Bit Tiered Compilers"/>
    <property name="java.runtime.version" value="11.0.11+9-Ubuntu-0ubuntu2.18.04"/>
    <property name="user.name" value="vagrant"/>
    <property name="path.separator" value=":"/>
    <property name="os.version" value="4.15.0-143-generic"/>
    <property name="java.runtime.name" value="OpenJDK Runtime Environment"/>
    <property name="file.encoding" value="UTF-8"/>
    <property name="java.vm.name" value="OpenJDK 64-Bit Server VM"/>
    <property name="localRepository" value="/home/vagrant/.m2/repository"/>
    <property name="java.vendor.url.bug" value="https://bugs.launchpad.net/ubuntu/+source/openjdk-lts"/>
    <property name="java.io.tmpdir" value="/tmp"/>
    <property name="java.version" value="11.0.11"/>
    <property name="user.dir" value="/vagrant/bitcoin-converter-svc-lib"/>
    <property name="os.arch" value="amd64"/>
    <property name="java.vm.specification.name" value="Java Virtual Machine Specification"/>
    <property name="java.awt.printerjob" value="sun.print.PSPrinterJob"/>
    <property name="sun.os.patch.level" value="unknown"/>
    <property name="java.library.path" value="/usr/java/packages/lib:/usr/lib/x86_64-linux-gnu/jni:/lib/x86_64-linux-gnu:/usr/lib/x86_64-linux-gnu:/usr/lib/jni:/lib:/usr/lib"/>
    <property name="java.vm.info" value="mixed mode, sharing"/>
    <property name="java.vendor" value="Ubuntu"/>
    <property name="java.vm.version" value="11.0.11+9-Ubuntu-0ubuntu2.18.04"/>
    <property name="sun.io.unicode.encoding" value="UnicodeLittle"/>
    <property name="java.class.version" value="55.0"/>
  </properties>
  <testcase name="getExchangeRate_GBP_ReturnsGBPExchangeRate" classname="com.cloudacademy.bitcoin.ConverterSvcTest" time="3.939"/>
  <testcase name="getExchangeRate_ClosingResponseThrowsIOException_ReturnsCorrectErrorCode" classname="com.cloudacademy.bitcoin.ConverterSvcTest" time="0.02"/>
  <testcase name="getExchangeRate_USD_ReturnsUSDExhangeRate" classname="com.cloudacademy.bitcoin.ConverterSvcTest" time="0.012"/>
  <testcase name="convertBitcoins_0BitCoinToGBP_ReturnsZeroGBP" classname="com.cloudacademy.bitcoin.ConverterSvcTest" time="0.012"/>
  <testcase name="convertBitcoins_503ServiceUnavailable_ReturnsCorrectErrorCode" classname="com.cloudacademy.bitcoin.ConverterSvcTest" time="0.011"/>
  <testcase name="convertBitcoins_NegativeBitCoinsToUSD_ThrowsException" classname="com.cloudacademy.bitcoin.ConverterSvcTest" time="0.031"/>
  <testcase name="convertBitcoins_1BitCoinToUSD_ReturnsUSDDollars" classname="com.cloudacademy.bitcoin.ConverterSvcTest" time="0.033"/>
  <testcase name="convertBitcoins_2BitCoinToUSD_ReturnsUSDDollars" classname="com.cloudacademy.bitcoin.ConverterSvcTest" time="0.004"/>
  <testcase name="convertBitcoins_0BitCoinToEUR_ReturnsZeroEUR" classname="com.cloudacademy.bitcoin.ConverterSvcTest" time="0.007"/>
  <testcase name="convertBitcoins_2BitCoinToEUR_ReturnsEUR" classname="com.cloudacademy.bitcoin.ConverterSvcTest" time="0.005"/>
  <testcase name="convertBitcoins_2BitCoinToGBP_ReturnsGBP" classname="com.cloudacademy.bitcoin.ConverterSvcTest" time="0.008"/>
  <testcase name="convertBitcoins_1BitCoinToEUR_ReturnsEUR" classname="com.cloudacademy.bitcoin.ConverterSvcTest" time="0.005"/>
  <testcase name="convertBitcoins_1BitCoinToGBP_ReturnsGBP" classname="com.cloudacademy.bitcoin.ConverterSvcTest" time="0.003"/>
  <testcase name="getExchangeRate_EUR_ReturnsEURExchangeRate" classname="com.cloudacademy.bitcoin.ConverterSvcTest" time="0.007"/>
  <testcase name="convertBitcoins_0BitCoinToUSD_ReturnsZeroUSDDollars" classname="com.cloudacademy.bitcoin.ConverterSvcTest" time="0.002"/>
</testsuite>